Using pre-set license
Built from '2020.3/release' branch; Version is '2020.3.1f1 (77a89f25062f) revision 7841951'; Using compiler version '192528614'; Build Type 'Release'
OS: 'Windows 10 Home; OS build 19041.804; Version 2004; 64bit' Language: 'en' Physical Memory: 8076 MB
BatchMode: 1, IsHumanControllingUs: 0, StartBugReporterOnCrash: 0, Is64bit: 1, IsPro: 0

 COMMAND LINE ARGUMENTS:
C:\Program Files\Unity\Editor\Unity.exe
-adb2
-batchMode
-noUpm
-name
AssetImportWorker0
-projectPath
C:/Users/evank/UnitySaves/Roll-a-Ball
-logFile
Logs/AssetImportWorker0.log
-srvPort
61065
Successfully changed project path to: C:/Users/evank/UnitySaves/Roll-a-Ball
C:/Users/evank/UnitySaves/Roll-a-Ball
Using Asset Import Pipeline V2.
Refreshing native plugins compatible for Editor in 56.56 ms, found 0 plugins.
Preloading 0 native plugins for Editor in 0.00 ms.
Initialize engine version: 2020.3.1f1 (77a89f25062f)
[Subsystems] Discovering subsystems at path C:/Program Files/Unity/Editor/Data/Resources/UnitySubsystems
[Subsystems] Discovering subsystems at path C:/Users/evank/UnitySaves/Roll-a-Ball/Assets
GfxDevice: creating device client; threaded=0
Direct3D:
    Version:  Direct3D 11.0 [level 11.1]
    Renderer: NVIDIA GeForce MX150 (ID=0x1d12)
    Vendor:   
    VRAM:     1994 MB
    Driver:   23.21.13.8873
Initialize mono
Mono path[0] = 'C:/Program Files/Unity/Editor/Data/Managed'
Mono path[1] = 'C:/Program Files/Unity/Editor/Data/MonoBleedingEdge/lib/mono/unityjit'
Mono config path = 'C:/Program Files/Unity/Editor/Data/MonoBleedingEdge/etc'
Using monoOptions --debugger-agent=transport=dt_socket,embedding=1,server=y,suspend=n,address=127.0.0.1:56900
Begin MonoManager ReloadAssembly
Registering precompiled unity dll's ...
Register platform support module: C:/Program Files/Unity/Editor/Data/PlaybackEngines/WebGLSupport/UnityEditor.WebGL.Extensions.dll
Register platform support module: C:/Program Files/Unity/Editor/Data/PlaybackEngines/WindowsStandaloneSupport/UnityEditor.WindowsStandalone.Extensions.dll
Registered in 0.002919 seconds.
Native extension for WindowsStandalone target not found
Native extension for WebGL target not found
Refreshing native plugins compatible for Editor in 55.78 ms, found 0 plugins.
Preloading 0 native plugins for Editor in 0.00 ms.
Invoked RoslynAnalysisRunner static constructor.
RoslynAnalysisRunner will not be running.
RoslynAnalysisRunner has terminated.
Mono: successfully reloaded assembly
- Completed reload, in  1.556 seconds
Platform modules already initialized, skipping
Registering precompiled user dll's ...
Registered in 0.001768 seconds.
Begin MonoManager ReloadAssembly
Native extension for WindowsStandalone target not found
Native extension for WebGL target not found
Refreshing native plugins compatible for Editor in 60.41 ms, found 0 plugins.
Preloading 0 native plugins for Editor in 0.00 ms.
Invoked RoslynAnalysisRunner static constructor.
RoslynAnalysisRunner will not be running.
RoslynAnalysisRunner has terminated.
Mono: successfully reloaded assembly
- Completed reload, in  1.155 seconds
Platform modules already initialized, skipping
========================================================================
Worker process is ready to serve import requests
Shader 'Universal Render Pipeline/Particles/Lit': fallback shader 'Universal Render Pipeline/Particles/SimpleLit' not found
Shader 'Universal Render Pipeline/Particles/Lit': fallback shader 'Universal Render Pipeline/Particles/SimpleLit' not found
Launched and connected shader compiler UnityShaderCompiler.exe after 0.07 seconds
Refreshing native plugins compatible for Editor in 0.47 ms, found 0 plugins.
Preloading 0 native plugins for Editor in 0.00 ms.
Unloading 2715 Unused Serialized files (Serialized files now loaded: 0)
System memory in use before: 122.3 MB.
System memory in use after: 120.1 MB.

Unloading 47 unused Assets to reduce memory usage. Loaded Objects now: 3125.
Total: 4.480500 ms (FindLiveObjects: 0.380100 ms CreateObjectMapping: 0.262500 ms MarkObjects: 2.368900 ms  DeleteObjects: 1.466400 ms)

========================================================================
Received Import Request.
  path: Assets/Template/Materials
  artifactKey: Guid(d0234ba368eeec9418390da711bfdad0) Importer(815301076,1909f56bfc062723c751e8b465ee728b)
Start importing Assets/Template/Materials using Guid(d0234ba368eeec9418390da711bfdad0) Importer(815301076,1909f56bfc062723c751e8b465ee728b)  -> (artifact id: '9f0bedcdb527d9144f75a4ef3cc36afe') in 0.015956 seconds
  Import took 0.022191 seconds .

========================================================================
Received Import Request.
  Time since last request: 0.000381 seconds.
  path: Assets/Template/Materials/Skybox_Mat.mat
  artifactKey: Guid(0ffaa0b7117ba8c47a9d05ae701d4b4d) Importer(815301076,1909f56bfc062723c751e8b465ee728b)
Start importing Assets/Template/Materials/Skybox_Mat.mat using Guid(0ffaa0b7117ba8c47a9d05ae701d4b4d) Importer(815301076,1909f56bfc062723c751e8b465ee728b)  -> (artifact id: '2cb81bd57e6edfacbbe58357158cba79') in 0.321779 seconds
  Import took 0.327084 seconds .

========================================================================
Received Import Request.
  Time since last request: 11.920510 seconds.
  path: Assets/Template/Materials/Wall.mat
  artifactKey: Guid(f4ac7fd79d99b7849966462cd8321af6) Importer(815301076,1909f56bfc062723c751e8b465ee728b)
Start importing Assets/Template/Materials/Wall.mat using Guid(f4ac7fd79d99b7849966462cd8321af6) Importer(815301076,1909f56bfc062723c751e8b465ee728b)  -> (artifact id: '8843dd6442e03a1574dc265342a02755') in 0.038926 seconds
  Import took 0.044547 seconds .

========================================================================
Received Prepare
Registering precompiled user dll's ...
Registered in 0.002241 seconds.
Begin MonoManager ReloadAssembly
Native extension for WindowsStandalone target not found
Native extension for WebGL target not found
Refreshing native plugins compatible for Editor in 1.03 ms, found 0 plugins.
Preloading 0 native plugins for Editor in 0.00 ms.
Invoked RoslynAnalysisRunner static constructor.
RoslynAnalysisRunner will not be running.
RoslynAnalysisRunner has terminated.
Mono: successfully reloaded assembly
- Completed reload, in  2.029 seconds
Platform modules already initialized, skipping
Shader 'Universal Render Pipeline/Particles/Lit': fallback shader 'Universal Render Pipeline/Particles/SimpleLit' not found
Shader 'Universal Render Pipeline/Particles/Lit': fallback shader 'Universal Render Pipeline/Particles/SimpleLit' not found
Refreshing native plugins compatible for Editor in 0.51 ms, found 0 plugins.
Preloading 0 native plugins for Editor in 0.00 ms.
Unloading 2640 Unused Serialized files (Serialized files now loaded: 0)
System memory in use before: 124.7 MB.
System memory in use after: 122.5 MB.

Unloading 40 unused Assets to reduce memory usage. Loaded Objects now: 3206.
Total: 4.962100 ms (FindLiveObjects: 0.303500 ms CreateObjectMapping: 0.171800 ms MarkObjects: 2.996300 ms  DeleteObjects: 1.489200 ms)

========================================================================
Received Import Request.
  Time since last request: 176.513808 seconds.
  path: Assets/Template/Materials/Floor.mat
  artifactKey: Guid(efd767c5e738f014e9683ef424888dff) Importer(815301076,1909f56bfc062723c751e8b465ee728b)
Start importing Assets/Template/Materials/Floor.mat using Guid(efd767c5e738f014e9683ef424888dff) Importer(815301076,1909f56bfc062723c751e8b465ee728b)  -> (artifact id: '87d1d839ae3e6fa6ac44ff6ae63c7440') in 0.286009 seconds
  Import took 0.293222 seconds .

========================================================================
Received Import Request.
  Time since last request: 0.000328 seconds.
  path: Assets/Template/Materials/Wall.mat
  artifactKey: Guid(f4ac7fd79d99b7849966462cd8321af6) Importer(815301076,1909f56bfc062723c751e8b465ee728b)
Start importing Assets/Template/Materials/Wall.mat using Guid(f4ac7fd79d99b7849966462cd8321af6) Importer(815301076,1909f56bfc062723c751e8b465ee728b)  -> (artifact id: '42129aa01c70e01a6429cba2a4390bc8') in 0.018941 seconds
  Import took 0.028133 seconds .

========================================================================
Received Prepare
Registering precompiled user dll's ...
Registered in 0.001677 seconds.
Begin MonoManager ReloadAssembly
Native extension for WindowsStandalone target not found
Native extension for WebGL target not found
Refreshing native plugins compatible for Editor in 0.47 ms, found 0 plugins.
Preloading 0 native plugins for Editor in 0.00 ms.
Invoked RoslynAnalysisRunner static constructor.
RoslynAnalysisRunner will not be running.
RoslynAnalysisRunner has terminated.
Mono: successfully reloaded assembly
- Completed reload, in  1.157 seconds
Platform modules already initialized, skipping
Shader 'Universal Render Pipeline/Particles/Lit': fallback shader 'Universal Render Pipeline/Particles/SimpleLit' not found
Shader 'Universal Render Pipeline/Particles/Lit': fallback shader 'Universal Render Pipeline/Particles/SimpleLit' not found
Refreshing native plugins compatible for Editor in 0.56 ms, found 0 plugins.
Preloading 0 native plugins for Editor in 0.00 ms.
Unloading 2640 Unused Serialized files (Serialized files now loaded: 0)
System memory in use before: 124.9 MB.
System memory in use after: 122.7 MB.

Unloading 40 unused Assets to reduce memory usage. Loaded Objects now: 3245.
Total: 5.446800 ms (FindLiveObjects: 0.607700 ms CreateObjectMapping: 0.310600 ms MarkObjects: 2.836900 ms  DeleteObjects: 1.690100 ms)

========================================================================
Received Import Request.
  Time since last request: 305.231614 seconds.
  path: Assets/Template/Materials/Floor.mat
  artifactKey: Guid(efd767c5e738f014e9683ef424888dff) Importer(815301076,1909f56bfc062723c751e8b465ee728b)
Start importing Assets/Template/Materials/Floor.mat using Guid(efd767c5e738f014e9683ef424888dff) Importer(815301076,1909f56bfc062723c751e8b465ee728b)  -> (artifact id: 'ab620c2bdba821706d90746db3ea5780') in 0.285820 seconds
  Import took 0.296407 seconds .

========================================================================
Received Import Request.
  Time since last request: 0.000883 seconds.
  path: Assets/Template/Materials/New Material.mat
  artifactKey: Guid(8c5b4361f87960049b97653ac138cce7) Importer(815301076,1909f56bfc062723c751e8b465ee728b)
Start importing Assets/Template/Materials/New Material.mat using Guid(8c5b4361f87960049b97653ac138cce7) Importer(815301076,1909f56bfc062723c751e8b465ee728b)  -> (artifact id: 'f60802712c1ec78e28dea8a898551894') in 0.019638 seconds
  Import took 0.025023 seconds .

========================================================================
Received Import Request.
  Time since last request: 24.626141 seconds.
  path: Assets/Template/Presets
  artifactKey: Guid(558255460b74ec04fa70b5570e9327bd) Importer(815301076,1909f56bfc062723c751e8b465ee728b)
Start importing Assets/Template/Presets using Guid(558255460b74ec04fa70b5570e9327bd) Importer(815301076,1909f56bfc062723c751e8b465ee728b)  -> (artifact id: 'eda913f950f158be8a7387dd059da7b9') in 0.014974 seconds
  Import took 0.020473 seconds .

========================================================================
Received Import Request.
  Time since last request: 0.060451 seconds.
  path: Assets/Template/Presets/AudioCompressedInMemory.preset
  artifactKey: Guid(2dd802e4d37c65149922028d3e973832) Importer(815301076,1909f56bfc062723c751e8b465ee728b)
Start importing Assets/Template/Presets/AudioCompressedInMemory.preset using Guid(2dd802e4d37c65149922028d3e973832) Importer(815301076,1909f56bfc062723c751e8b465ee728b)  -> (artifact id: 'f1008744868140792b9123870cddc746') in 0.023560 seconds
  Import took 0.028482 seconds .

========================================================================
Received Import Request.
  Time since last request: 0.000296 seconds.
  path: Assets/Template/Presets/AudioStreaming.preset
  artifactKey: Guid(86bcce7f5575b54408aa0f3a7d321039) Importer(815301076,1909f56bfc062723c751e8b465ee728b)
Start importing Assets/Template/Presets/AudioStreaming.preset using Guid(86bcce7f5575b54408aa0f3a7d321039) Importer(815301076,1909f56bfc062723c751e8b465ee728b)  -> (artifact id: '86c8197765dc6a305ccc7924698bf36e') in 0.017135 seconds
  Import took 0.024738 seconds .

========================================================================
Received Import Request.
  Time since last request: 0.000431 seconds.
  path: Assets/Template/Presets/NormalTexture.preset
  artifactKey: Guid(14a57cf3b9fa1c74b884aa7e0dcf1faa) Importer(815301076,1909f56bfc062723c751e8b465ee728b)
Start importing Assets/Template/Presets/NormalTexture.preset using Guid(14a57cf3b9fa1c74b884aa7e0dcf1faa) Importer(815301076,1909f56bfc062723c751e8b465ee728b)  -> (artifact id: '31de465e5e16ba5b635abbad06e1c379') in 0.019666 seconds
  Import took 0.026195 seconds .

========================================================================
Received Import Request.
  Time since last request: 0.000340 seconds.
  path: Assets/Template/Presets/UtilityTexture.preset
  artifactKey: Guid(45f7b2e3c78185248b3adbb14429c2ab) Importer(815301076,1909f56bfc062723c751e8b465ee728b)
Start importing Assets/Template/Presets/UtilityTexture.preset using Guid(45f7b2e3c78185248b3adbb14429c2ab) Importer(815301076,1909f56bfc062723c751e8b465ee728b)  -> (artifact id: 'fe127a8a65fcec4f52e19b7262283641') in 0.019117 seconds
  Import took 0.026822 seconds .

========================================================================
Received Import Request.
  Time since last request: 3.167779 seconds.
  path: Assets/Template/Scripts
  artifactKey: Guid(02a3527b6b33a924e8ec66aa805ea717) Importer(815301076,1909f56bfc062723c751e8b465ee728b)
Start importing Assets/Template/Scripts using Guid(02a3527b6b33a924e8ec66aa805ea717) Importer(815301076,1909f56bfc062723c751e8b465ee728b)  -> (artifact id: 'ff7017df2026051e0f20b6851e476600') in 0.010714 seconds
  Import took 0.015008 seconds .

========================================================================
Received Import Request.
  Time since last request: 10.733276 seconds.
  path: Assets/Template/TutorialInfo/Scripts
  artifactKey: Guid(5a9bcd70e6a4b4b05badaa72e827d8e0) Importer(815301076,1909f56bfc062723c751e8b465ee728b)
Start importing Assets/Template/TutorialInfo/Scripts using Guid(5a9bcd70e6a4b4b05badaa72e827d8e0) Importer(815301076,1909f56bfc062723c751e8b465ee728b)  -> (artifact id: '47426892051e583b5683faea53342162') in 0.003959 seconds
  Import took 0.017337 seconds .

========================================================================
Received Import Request.
  Time since last request: 3.939210 seconds.
  path: Assets/Input
  artifactKey: Guid(db991cd95916af943ba8f46c7c56566b) Importer(815301076,1909f56bfc062723c751e8b465ee728b)
Start importing Assets/Input using Guid(db991cd95916af943ba8f46c7c56566b) Importer(815301076,1909f56bfc062723c751e8b465ee728b)  -> (artifact id: 'e263c0787d904cd36b2f524358b6598a') in 0.016430 seconds
  Import took 0.022016 seconds .

========================================================================
Received Import Request.
  Time since last request: 24.858499 seconds.
  path: Assets/Materials/Player.mat
  artifactKey: Guid(3d5b0cfe98d19d349aa577f2ac3d297f) Importer(815301076,1909f56bfc062723c751e8b465ee728b)
Start importing Assets/Materials/Player.mat using Guid(3d5b0cfe98d19d349aa577f2ac3d297f) Importer(815301076,1909f56bfc062723c751e8b465ee728b)  -> (artifact id: 'aeb912149f5d342703a233ddb8fe5e3f') in 0.045542 seconds
  Import took 0.050667 seconds .

========================================================================
Received Prepare
Registering precompiled user dll's ...
Registered in 0.002376 seconds.
Begin MonoManager ReloadAssembly
Native extension for WindowsStandalone target not found
Native extension for WebGL target not found
Refreshing native plugins compatible for Editor in 0.46 ms, found 0 plugins.
Preloading 0 native plugins for Editor in 0.00 ms.
Invoked RoslynAnalysisRunner static constructor.
RoslynAnalysisRunner will not be running.
RoslynAnalysisRunner has terminated.
Mono: successfully reloaded assembly
- Completed reload, in  1.067 seconds
Platform modules already initialized, skipping
Shader 'Universal Render Pipeline/Particles/Lit': fallback shader 'Universal Render Pipeline/Particles/SimpleLit' not found
Shader 'Universal Render Pipeline/Particles/Lit': fallback shader 'Universal Render Pipeline/Particles/SimpleLit' not found
Refreshing native plugins compatible for Editor in 0.44 ms, found 0 plugins.
Preloading 0 native plugins for Editor in 0.00 ms.
Unloading 2641 Unused Serialized files (Serialized files now loaded: 0)
System memory in use before: 125.1 MB.
System memory in use after: 122.9 MB.

Unloading 40 unused Assets to reduce memory usage. Loaded Objects now: 3285.
Total: 5.065000 ms (FindLiveObjects: 0.531700 ms CreateObjectMapping: 0.256900 ms MarkObjects: 2.647000 ms  DeleteObjects: 1.627200 ms)

========================================================================
Received Prepare
Registering precompiled user dll's ...
Registered in 0.002257 seconds.
Begin MonoManager ReloadAssembly
Native extension for WindowsStandalone target not found
Native extension for WebGL target not found
Refreshing native plugins compatible for Editor in 0.47 ms, found 0 plugins.
Preloading 0 native plugins for Editor in 0.00 ms.
Invoked RoslynAnalysisRunner static constructor.
RoslynAnalysisRunner will not be running.
RoslynAnalysisRunner has terminated.
Mono: successfully reloaded assembly
- Completed reload, in  1.096 seconds
Platform modules already initialized, skipping
Shader 'Universal Render Pipeline/Particles/Lit': fallback shader 'Universal Render Pipeline/Particles/SimpleLit' not found
Shader 'Universal Render Pipeline/Particles/Lit': fallback shader 'Universal Render Pipeline/Particles/SimpleLit' not found
Refreshing native plugins compatible for Editor in 1.32 ms, found 0 plugins.
Preloading 0 native plugins for Editor in 0.00 ms.
Unloading 2641 Unused Serialized files (Serialized files now loaded: 0)
System memory in use before: 125.1 MB.
System memory in use after: 122.9 MB.

Unloading 40 unused Assets to reduce memory usage. Loaded Objects now: 3288.
Total: 5.051700 ms (FindLiveObjects: 0.541400 ms CreateObjectMapping: 0.241200 ms MarkObjects: 2.447600 ms  DeleteObjects: 1.819400 ms)

========================================================================
Received Import Request.
  Time since last request: 178.924823 seconds.
  path: Assets/Scripts/Rotator.cs
  artifactKey: Guid(89a119432616e62488fc24d0c521b0ff) Importer(815301076,1909f56bfc062723c751e8b465ee728b)
Start importing Assets/Scripts/Rotator.cs using Guid(89a119432616e62488fc24d0c521b0ff) Importer(815301076,1909f56bfc062723c751e8b465ee728b)  -> (artifact id: '85abca6b177b427cf3a6aee79654699e') in 0.030739 seconds
  Import took 0.042593 seconds .

========================================================================
Received Prepare
Registering precompiled user dll's ...
Registered in 0.001726 seconds.
Begin MonoManager ReloadAssembly
Native extension for WindowsStandalone target not found
Native extension for WebGL target not found
Refreshing native plugins compatible for Editor in 0.56 ms, found 0 plugins.
Preloading 0 native plugins for Editor in 0.00 ms.
Invoked RoslynAnalysisRunner static constructor.
RoslynAnalysisRunner will not be running.
RoslynAnalysisRunner has terminated.
Mono: successfully reloaded assembly
- Completed reload, in  1.087 seconds
Platform modules already initialized, skipping
Shader 'Universal Render Pipeline/Particles/Lit': fallback shader 'Universal Render Pipeline/Particles/SimpleLit' not found
Shader 'Universal Render Pipeline/Particles/Lit': fallback shader 'Universal Render Pipeline/Particles/SimpleLit' not found
Refreshing native plugins compatible for Editor in 0.74 ms, found 0 plugins.
Preloading 0 native plugins for Editor in 0.00 ms.
Unloading 2641 Unused Serialized files (Serialized files now loaded: 0)
System memory in use before: 125.1 MB.
System memory in use after: 122.9 MB.

Unloading 40 unused Assets to reduce memory usage. Loaded Objects now: 3291.
Total: 5.760200 ms (FindLiveObjects: 0.340400 ms CreateObjectMapping: 0.236600 ms MarkObjects: 3.387600 ms  DeleteObjects: 1.794000 ms)

========================================================================
Received Import Request.
  Time since last request: 45.160822 seconds.
  path: Assets/Scripts/Rotator.cs
  artifactKey: Guid(89a119432616e62488fc24d0c521b0ff) Importer(815301076,1909f56bfc062723c751e8b465ee728b)
Start importing Assets/Scripts/Rotator.cs using Guid(89a119432616e62488fc24d0c521b0ff) Importer(815301076,1909f56bfc062723c751e8b465ee728b)  -> (artifact id: '415059d96a418f3e77a955a9e50a0631') in 0.010125 seconds
  Import took 0.015150 seconds .

========================================================================
Received Import Request.
  Time since last request: 0.870970 seconds.
  path: Assets/Scripts/Rotator.cs
  artifactKey: Guid(89a119432616e62488fc24d0c521b0ff) Importer(815301076,1909f56bfc062723c751e8b465ee728b)
Start importing Assets/Scripts/Rotator.cs using Guid(89a119432616e62488fc24d0c521b0ff) Importer(815301076,1909f56bfc062723c751e8b465ee728b)  -> (artifact id: '415059d96a418f3e77a955a9e50a0631') in 0.002641 seconds
  Import took 0.008601 seconds .

========================================================================
Received Prepare
Registering precompiled user dll's ...
Registered in 0.002483 seconds.
Begin MonoManager ReloadAssembly
Native extension for WindowsStandalone target not found
Native extension for WebGL target not found
Refreshing native plugins compatible for Editor in 1.09 ms, found 0 plugins.
Preloading 0 native plugins for Editor in 0.00 ms.
Invoked RoslynAnalysisRunner static constructor.
RoslynAnalysisRunner will not be running.
RoslynAnalysisRunner has terminated.
Mono: successfully reloaded assembly
- Completed reload, in  2.194 seconds
Platform modules already initialized, skipping
Shader 'Universal Render Pipeline/Particles/Lit': fallback shader 'Universal Render Pipeline/Particles/SimpleLit' not found
Shader 'Universal Render Pipeline/Particles/Lit': fallback shader 'Universal Render Pipeline/Particles/SimpleLit' not found
Refreshing native plugins compatible for Editor in 1.08 ms, found 0 plugins.
Preloading 0 native plugins for Editor in 0.00 ms.
Unloading 2641 Unused Serialized files (Serialized files now loaded: 0)
System memory in use before: 125.1 MB.
System memory in use after: 122.9 MB.

Unloading 40 unused Assets to reduce memory usage. Loaded Objects now: 3294.
Total: 9.676800 ms (FindLiveObjects: 0.770900 ms CreateObjectMapping: 0.336600 ms MarkObjects: 5.470300 ms  DeleteObjects: 3.096000 ms)

========================================================================
Received Import Request.
  Time since last request: 101.686643 seconds.
  path: Assets/Prefabs
  artifactKey: Guid(4999a649437104f4287177f9e0669edf) Importer(815301076,1909f56bfc062723c751e8b465ee728b)
Start importing Assets/Prefabs using Guid(4999a649437104f4287177f9e0669edf) Importer(815301076,1909f56bfc062723c751e8b465ee728b)  -> (artifact id: '253c4c1bc0f3c9d1a6ac76d3e8461618') in 0.011185 seconds
  Import took 0.016766 seconds .

========================================================================
Received Import Request.
  Time since last request: 0.000609 seconds.
  path: Assets/Prefabs
  artifactKey: Guid(4999a649437104f4287177f9e0669edf) Importer(815301076,1909f56bfc062723c751e8b465ee728b)
Start importing Assets/Prefabs using Guid(4999a649437104f4287177f9e0669edf) Importer(815301076,1909f56bfc062723c751e8b465ee728b)  -> (artifact id: '253c4c1bc0f3c9d1a6ac76d3e8461618') in 0.003220 seconds
  Import took 0.008351 seconds .

========================================================================
Received Import Request.
  Time since last request: 7.364183 seconds.
  path: Assets/Prefabs/Pickup.prefab
  artifactKey: Guid(13e4276477c913645ab8e796d734799a) Importer(815301076,1909f56bfc062723c751e8b465ee728b)
Start importing Assets/Prefabs/Pickup.prefab using Guid(13e4276477c913645ab8e796d734799a) Importer(815301076,1909f56bfc062723c751e8b465ee728b)  -> (artifact id: '4a7b33edb9b114ce2d42cfc7384a4f99') in 0.192155 seconds
  Import took 0.197048 seconds .

========================================================================
Received Prepare
Registering precompiled user dll's ...
Registered in 0.002445 seconds.
Begin MonoManager ReloadAssembly
Native extension for WindowsStandalone target not found
Native extension for WebGL target not found
Refreshing native plugins compatible for Editor in 0.71 ms, found 0 plugins.
Preloading 0 native plugins for Editor in 0.00 ms.
Invoked RoslynAnalysisRunner static constructor.
RoslynAnalysisRunner will not be running.
RoslynAnalysisRunner has terminated.
Mono: successfully reloaded assembly
- Completed reload, in  1.627 seconds
Platform modules already initialized, skipping
Shader 'Universal Render Pipeline/Particles/Lit': fallback shader 'Universal Render Pipeline/Particles/SimpleLit' not found
Shader 'Universal Render Pipeline/Particles/Lit': fallback shader 'Universal Render Pipeline/Particles/SimpleLit' not found
Refreshing native plugins compatible for Editor in 0.55 ms, found 0 plugins.
Preloading 0 native plugins for Editor in 0.00 ms.
Unloading 2641 Unused Serialized files (Serialized files now loaded: 0)
System memory in use before: 125.4 MB.
System memory in use after: 123.2 MB.

Unloading 40 unused Assets to reduce memory usage. Loaded Objects now: 3334.
Total: 6.702000 ms (FindLiveObjects: 0.846600 ms CreateObjectMapping: 0.407900 ms MarkObjects: 3.415100 ms  DeleteObjects: 2.030500 ms)

========================================================================
Received Import Request.
  Time since last request: 442.333192 seconds.
  path: Assets/Scripts/PlayerController.cs
  artifactKey: Guid(d24251013f01d47429d034452f7c1b90) Importer(815301076,1909f56bfc062723c751e8b465ee728b)
Start importing Assets/Scripts/PlayerController.cs using Guid(d24251013f01d47429d034452f7c1b90) Importer(815301076,1909f56bfc062723c751e8b465ee728b)  -> (artifact id: '80fe3256ab643ab887ad36c7b35b8eba') in 0.011376 seconds
  Import took 0.017755 seconds .

========================================================================
Received Prepare
Registering precompiled user dll's ...
Registered in 0.002148 seconds.
Begin MonoManager ReloadAssembly
Native extension for WindowsStandalone target not found
Native extension for WebGL target not found
Refreshing native plugins compatible for Editor in 0.49 ms, found 0 plugins.
Preloading 0 native plugins for Editor in 0.00 ms.
Invoked RoslynAnalysisRunner static constructor.
RoslynAnalysisRunner will not be running.
RoslynAnalysisRunner has terminated.
Mono: successfully reloaded assembly
- Completed reload, in  1.013 seconds
Platform modules already initialized, skipping
Shader 'Universal Render Pipeline/Particles/Lit': fallback shader 'Universal Render Pipeline/Particles/SimpleLit' not found
Shader 'Universal Render Pipeline/Particles/Lit': fallback shader 'Universal Render Pipeline/Particles/SimpleLit' not found
Refreshing native plugins compatible for Editor in 0.46 ms, found 0 plugins.
Preloading 0 native plugins for Editor in 0.00 ms.
Unloading 2641 Unused Serialized files (Serialized files now loaded: 0)
System memory in use before: 125.4 MB.
System memory in use after: 123.2 MB.

Unloading 40 unused Assets to reduce memory usage. Loaded Objects now: 3337.
Total: 4.651700 ms (FindLiveObjects: 0.429200 ms CreateObjectMapping: 0.248000 ms MarkObjects: 2.402600 ms  DeleteObjects: 1.570500 ms)

========================================================================
Received Import Request.
  Time since last request: 224.408264 seconds.
  path: Assets/Scripts/PlayerController.cs
  artifactKey: Guid(d24251013f01d47429d034452f7c1b90) Importer(815301076,1909f56bfc062723c751e8b465ee728b)
Start importing Assets/Scripts/PlayerController.cs using Guid(d24251013f01d47429d034452f7c1b90) Importer(815301076,1909f56bfc062723c751e8b465ee728b)  -> (artifact id: 'dfa9d1dced64c8550ba2fb1664254363') in 0.005937 seconds
  Import took 0.011256 seconds .

========================================================================
Received Import Request.
  Time since last request: 57.217041 seconds.
  path: ProjectSettings/TagManager.asset
  artifactKey: Guid(00000000000000003000000000000000) Importer(815301076,1909f56bfc062723c751e8b465ee728b)
Start importing ProjectSettings/TagManager.asset using Guid(00000000000000003000000000000000) Importer(815301076,1909f56bfc062723c751e8b465ee728b)  -> (artifact id: 'cd7914887f8fad12056f59b06628a58d') in 0.020633 seconds
  Import took 0.026274 seconds .

========================================================================
Received Import Request.
  Time since last request: 51.847300 seconds.
  path: Assets/Prefabs/Pickup.prefab
  artifactKey: Guid(13e4276477c913645ab8e796d734799a) Importer(815301076,1909f56bfc062723c751e8b465ee728b)
Start importing Assets/Prefabs/Pickup.prefab using Guid(13e4276477c913645ab8e796d734799a) Importer(815301076,1909f56bfc062723c751e8b465ee728b)  -> (artifact id: '6c23f89cd2e2d366135a74db7a04399b') in 0.166169 seconds
  Import took 0.180678 seconds .

========================================================================
Received Import Request.
  Time since last request: 240.144125 seconds.
  path: Assets/Prefabs/Pickup.prefab
  artifactKey: Guid(13e4276477c913645ab8e796d734799a) Importer(815301076,1909f56bfc062723c751e8b465ee728b)
Start importing Assets/Prefabs/Pickup.prefab using Guid(13e4276477c913645ab8e796d734799a) Importer(815301076,1909f56bfc062723c751e8b465ee728b)  -> (artifact id: '99aed2d0d32f7bcee755d5b8e714ba29') in 0.031344 seconds
  Import took 0.037228 seconds .

========================================================================
Received Prepare
Registering precompiled user dll's ...
Registered in 0.001590 seconds.
Begin MonoManager ReloadAssembly
Native extension for WindowsStandalone target not found
Native extension for WebGL target not found
Refreshing native plugins compatible for Editor in 0.46 ms, found 0 plugins.
Preloading 0 native plugins for Editor in 0.00 ms.
Invoked RoslynAnalysisRunner static constructor.
RoslynAnalysisRunner will not be running.
RoslynAnalysisRunner has terminated.
Mono: successfully reloaded assembly
- Completed reload, in  1.630 seconds
Platform modules already initialized, skipping
Shader 'Universal Render Pipeline/Particles/Lit': fallback shader 'Universal Render Pipeline/Particles/SimpleLit' not found
Shader 'Universal Render Pipeline/Particles/Lit': fallback shader 'Universal Render Pipeline/Particles/SimpleLit' not found
Refreshing native plugins compatible for Editor in 0.52 ms, found 0 plugins.
Preloading 0 native plugins for Editor in 0.00 ms.
Unloading 2641 Unused Serialized files (Serialized files now loaded: 0)
System memory in use before: 125.5 MB.
System memory in use after: 123.3 MB.

Unloading 41 unused Assets to reduce memory usage. Loaded Objects now: 3376.
Total: 9.588000 ms (FindLiveObjects: 2.179200 ms CreateObjectMapping: 0.583200 ms MarkObjects: 4.594500 ms  DeleteObjects: 2.227700 ms)

========================================================================
Received Import Request.
  Time since last request: 120.165817 seconds.
  path: Assets/Prefabs/Pickup.prefab
  artifactKey: Guid(13e4276477c913645ab8e796d734799a) Importer(815301076,1909f56bfc062723c751e8b465ee728b)
Start importing Assets/Prefabs/Pickup.prefab using Guid(13e4276477c913645ab8e796d734799a) Importer(815301076,1909f56bfc062723c751e8b465ee728b)  -> (artifact id: '500adaa016c0923b1b0a602a398c1f90') in 0.201554 seconds
  Import took 0.207420 seconds .

========================================================================
Received Prepare
Registering precompiled user dll's ...
Registered in 0.001753 seconds.
Begin MonoManager ReloadAssembly
Native extension for WindowsStandalone target not found
Native extension for WebGL target not found
Refreshing native plugins compatible for Editor in 0.49 ms, found 0 plugins.
Preloading 0 native plugins for Editor in 0.00 ms.
Invoked RoslynAnalysisRunner static constructor.
RoslynAnalysisRunner will not be running.
RoslynAnalysisRunner has terminated.
Mono: successfully reloaded assembly
- Completed reload, in  0.999 seconds
Platform modules already initialized, skipping
Shader 'Universal Render Pipeline/Particles/Lit': fallback shader 'Universal Render Pipeline/Particles/SimpleLit' not found
Shader 'Universal Render Pipeline/Particles/Lit': fallback shader 'Universal Render Pipeline/Particles/SimpleLit' not found
Refreshing native plugins compatible for Editor in 0.57 ms, found 0 plugins.
Preloading 0 native plugins for Editor in 0.00 ms.
Unloading 2641 Unused Serialized files (Serialized files now loaded: 0)
System memory in use before: 125.6 MB.
System memory in use after: 123.4 MB.

Unloading 40 unused Assets to reduce memory usage. Loaded Objects now: 3415.
Total: 4.454300 ms (FindLiveObjects: 0.352500 ms CreateObjectMapping: 0.180000 ms MarkObjects: 2.409000 ms  DeleteObjects: 1.511400 ms)

========================================================================
Received Import Request.
  Time since last request: 19.562285 seconds.
  path: Assets/Prefabs/Pickup.prefab
  artifactKey: Guid(13e4276477c913645ab8e796d734799a) Importer(815301076,1909f56bfc062723c751e8b465ee728b)
Start importing Assets/Prefabs/Pickup.prefab using Guid(13e4276477c913645ab8e796d734799a) Importer(815301076,1909f56bfc062723c751e8b465ee728b)  -> (artifact id: 'ee878df46d1290fd997a76002b99fc78') in 0.178112 seconds
  Import took 0.183336 seconds .

========================================================================
Received Prepare
Registering precompiled user dll's ...
Registered in 0.001847 seconds.
Begin MonoManager ReloadAssembly
Native extension for WindowsStandalone target not found
Native extension for WebGL target not found
Refreshing native plugins compatible for Editor in 0.51 ms, found 0 plugins.
Preloading 0 native plugins for Editor in 0.00 ms.
Invoked RoslynAnalysisRunner static constructor.
RoslynAnalysisRunner will not be running.
RoslynAnalysisRunner has terminated.
Mono: successfully reloaded assembly
- Completed reload, in  1.032 seconds
Platform modules already initialized, skipping
Shader 'Universal Render Pipeline/Particles/Lit': fallback shader 'Universal Render Pipeline/Particles/SimpleLit' not found
Shader 'Universal Render Pipeline/Particles/Lit': fallback shader 'Universal Render Pipeline/Particles/SimpleLit' not found
Refreshing native plugins compatible for Editor in 0.45 ms, found 0 plugins.
Preloading 0 native plugins for Editor in 0.00 ms.
Unloading 2641 Unused Serialized files (Serialized files now loaded: 0)
System memory in use before: 125.8 MB.
System memory in use after: 123.6 MB.

Unloading 40 unused Assets to reduce memory usage. Loaded Objects now: 3454.
Total: 7.312200 ms (FindLiveObjects: 0.540500 ms CreateObjectMapping: 0.282900 ms MarkObjects: 4.172100 ms  DeleteObjects: 2.314500 ms)

========================================================================
Received Import Request.
  Time since last request: 14.101882 seconds.
  path: Assets/Prefabs/Pickup.prefab
  artifactKey: Guid(13e4276477c913645ab8e796d734799a) Importer(815301076,1909f56bfc062723c751e8b465ee728b)
Start importing Assets/Prefabs/Pickup.prefab using Guid(13e4276477c913645ab8e796d734799a) Importer(815301076,1909f56bfc062723c751e8b465ee728b)  -> (artifact id: '09040065b8cf600b88826d20adef828b') in 0.175843 seconds
  Import took 0.181170 seconds .

========================================================================
Received Prepare
Registering precompiled user dll's ...
Registered in 0.001723 seconds.
Begin MonoManager ReloadAssembly
Native extension for WindowsStandalone target not found
Native extension for WebGL target not found
Refreshing native plugins compatible for Editor in 0.47 ms, found 0 plugins.
Preloading 0 native plugins for Editor in 0.00 ms.
Invoked RoslynAnalysisRunner static constructor.
RoslynAnalysisRunner will not be running.
RoslynAnalysisRunner has terminated.
Mono: successfully reloaded assembly
- Completed reload, in  1.022 seconds
Platform modules already initialized, skipping
Shader 'Universal Render Pipeline/Particles/Lit': fallback shader 'Universal Render Pipeline/Particles/SimpleLit' not found
Shader 'Universal Render Pipeline/Particles/Lit': fallback shader 'Universal Render Pipeline/Particles/SimpleLit' not found
Refreshing native plugins compatible for Editor in 0.45 ms, found 0 plugins.
Preloading 0 native plugins for Editor in 0.00 ms.
Unloading 2641 Unused Serialized files (Serialized files now loaded: 0)
System memory in use before: 125.9 MB.
System memory in use after: 123.7 MB.

Unloading 40 unused Assets to reduce memory usage. Loaded Objects now: 3493.
Total: 8.545800 ms (FindLiveObjects: 0.798500 ms CreateObjectMapping: 0.395400 ms MarkObjects: 4.490000 ms  DeleteObjects: 2.859100 ms)

========================================================================
Received Import Request.
  Time since last request: 25.526466 seconds.
  path: Assets/Prefabs/Pickup.prefab
  artifactKey: Guid(13e4276477c913645ab8e796d734799a) Importer(815301076,1909f56bfc062723c751e8b465ee728b)
Start importing Assets/Prefabs/Pickup.prefab using Guid(13e4276477c913645ab8e796d734799a) Importer(815301076,1909f56bfc062723c751e8b465ee728b)  -> (artifact id: '4930c3d8c205412cd75563e96b9fd2e2') in 0.183498 seconds
  Import took 0.190729 seconds .

========================================================================
Received Import Request.
  Time since last request: 4.332781 seconds.
  path: Assets/Prefabs/Pickup.prefab
  artifactKey: Guid(13e4276477c913645ab8e796d734799a) Importer(815301076,1909f56bfc062723c751e8b465ee728b)
Start importing Assets/Prefabs/Pickup.prefab using Guid(13e4276477c913645ab8e796d734799a) Importer(815301076,1909f56bfc062723c751e8b465ee728b)  -> (artifact id: '0c6d6d40b594a8ad6a22ffa727b32871') in 0.014717 seconds
  Import took 0.020049 seconds .

========================================================================
Received Prepare
Registering precompiled user dll's ...
Registered in 0.001531 seconds.
Begin MonoManager ReloadAssembly
Native extension for WindowsStandalone target not found
Native extension for WebGL target not found
Refreshing native plugins compatible for Editor in 0.51 ms, found 0 plugins.
Preloading 0 native plugins for Editor in 0.00 ms.
Invoked RoslynAnalysisRunner static constructor.
RoslynAnalysisRunner will not be running.
RoslynAnalysisRunner has terminated.
Mono: successfully reloaded assembly
- Completed reload, in  0.964 seconds
Platform modules already initialized, skipping
Shader 'Universal Render Pipeline/Particles/Lit': fallback shader 'Universal Render Pipeline/Particles/SimpleLit' not found
Shader 'Universal Render Pipeline/Particles/Lit': fallback shader 'Universal Render Pipeline/Particles/SimpleLit' not found
Refreshing native plugins compatible for Editor in 0.44 ms, found 0 plugins.
Preloading 0 native plugins for Editor in 0.00 ms.
Unloading 2641 Unused Serialized files (Serialized files now loaded: 0)
System memory in use before: 126.0 MB.
System memory in use after: 123.8 MB.

Unloading 40 unused Assets to reduce memory usage. Loaded Objects now: 3532.
Total: 4.813800 ms (FindLiveObjects: 0.602300 ms CreateObjectMapping: 0.300500 ms MarkObjects: 2.347200 ms  DeleteObjects: 1.562300 ms)

========================================================================
Received Import Request.
  Time since last request: 286.578733 seconds.
  path: Assets/Scripts/PlayerController.cs
  artifactKey: Guid(d24251013f01d47429d034452f7c1b90) Importer(815301076,1909f56bfc062723c751e8b465ee728b)
Start importing Assets/Scripts/PlayerController.cs using Guid(d24251013f01d47429d034452f7c1b90) Importer(815301076,1909f56bfc062723c751e8b465ee728b)  -> (artifact id: '3159bb205f94ce4c76f912a9568f03a4') in 0.006449 seconds
  Import took 0.012668 seconds .

========================================================================
Received Import Request.
  Time since last request: 0.023054 seconds.
  path: Assets/Scripts/PlayerController.cs
  artifactKey: Guid(d24251013f01d47429d034452f7c1b90) Importer(815301076,1909f56bfc062723c751e8b465ee728b)
Start importing Assets/Scripts/PlayerController.cs using Guid(d24251013f01d47429d034452f7c1b90) Importer(815301076,1909f56bfc062723c751e8b465ee728b)  -> (artifact id: '3159bb205f94ce4c76f912a9568f03a4') in 0.002939 seconds
  Import took 0.007321 seconds .

========================================================================
Received Import Request.
  Time since last request: 52.968274 seconds.
  path: Assets/Scripts/PlayerController.cs
  artifactKey: Guid(d24251013f01d47429d034452f7c1b90) Importer(815301076,1909f56bfc062723c751e8b465ee728b)
Start importing Assets/Scripts/PlayerController.cs using Guid(d24251013f01d47429d034452f7c1b90) Importer(815301076,1909f56bfc062723c751e8b465ee728b)  -> (artifact id: '345650f9a271094928ad8ab8587c3991') in 0.003266 seconds
  Import took 0.009624 seconds .

========================================================================
Received Import Request.
  Time since last request: 0.003462 seconds.
  path: Assets/Scripts/PlayerController.cs
  artifactKey: Guid(d24251013f01d47429d034452f7c1b90) Importer(815301076,1909f56bfc062723c751e8b465ee728b)
Start importing Assets/Scripts/PlayerController.cs using Guid(d24251013f01d47429d034452f7c1b90) Importer(815301076,1909f56bfc062723c751e8b465ee728b)  -> (artifact id: '345650f9a271094928ad8ab8587c3991') in 0.002874 seconds
  Import took 0.008679 seconds .

========================================================================
Received Import Request.
  Time since last request: 67.008273 seconds.
  path: Assets/Scripts/PlayerController.cs
  artifactKey: Guid(d24251013f01d47429d034452f7c1b90) Importer(815301076,1909f56bfc062723c751e8b465ee728b)
Start importing Assets/Scripts/PlayerController.cs using Guid(d24251013f01d47429d034452f7c1b90) Importer(815301076,1909f56bfc062723c751e8b465ee728b)  -> (artifact id: '67b83718f5e7807cee0e55f4318fddc6') in 0.003097 seconds
  Import took 0.008225 seconds .

========================================================================
Received Prepare
Registering precompiled user dll's ...
Registered in 0.001561 seconds.
Begin MonoManager ReloadAssembly
Native extension for WindowsStandalone target not found
Native extension for WebGL target not found
Refreshing native plugins compatible for Editor in 0.46 ms, found 0 plugins.
Preloading 0 native plugins for Editor in 0.00 ms.
Invoked RoslynAnalysisRunner static constructor.
RoslynAnalysisRunner will not be running.
RoslynAnalysisRunner has terminated.
Mono: successfully reloaded assembly
- Completed reload, in  1.015 seconds
Platform modules already initialized, skipping
Shader 'Universal Render Pipeline/Particles/Lit': fallback shader 'Universal Render Pipeline/Particles/SimpleLit' not found
Shader 'Universal Render Pipeline/Particles/Lit': fallback shader 'Universal Render Pipeline/Particles/SimpleLit' not found
Refreshing native plugins compatible for Editor in 0.46 ms, found 0 plugins.
Preloading 0 native plugins for Editor in 0.00 ms.
Unloading 2654 Unused Serialized files (Serialized files now loaded: 0)
System memory in use before: 127.8 MB.
System memory in use after: 124.9 MB.

Unloading 53 unused Assets to reduce memory usage. Loaded Objects now: 3535.
Total: 5.447200 ms (FindLiveObjects: 0.472800 ms CreateObjectMapping: 0.217500 ms MarkObjects: 2.890500 ms  DeleteObjects: 1.865200 ms)

========================================================================
Received Prepare
Registering precompiled user dll's ...
Registered in 0.001907 seconds.
Begin MonoManager ReloadAssembly
Native extension for WindowsStandalone target not found
Native extension for WebGL target not found
Refreshing native plugins compatible for Editor in 0.64 ms, found 0 plugins.
Preloading 0 native plugins for Editor in 0.00 ms.
Invoked RoslynAnalysisRunner static constructor.
RoslynAnalysisRunner will not be running.
RoslynAnalysisRunner has terminated.
Mono: successfully reloaded assembly
- Completed reload, in  1.410 seconds
Platform modules already initialized, skipping
Shader 'Universal Render Pipeline/Particles/Lit': fallback shader 'Universal Render Pipeline/Particles/SimpleLit' not found
Shader 'Universal Render Pipeline/Particles/Lit': fallback shader 'Universal Render Pipeline/Particles/SimpleLit' not found
Refreshing native plugins compatible for Editor in 0.46 ms, found 0 plugins.
Preloading 0 native plugins for Editor in 0.00 ms.
Unloading 2654 Unused Serialized files (Serialized files now loaded: 0)
System memory in use before: 127.7 MB.
System memory in use after: 124.9 MB.

Unloading 53 unused Assets to reduce memory usage. Loaded Objects now: 3538.
Total: 5.942000 ms (FindLiveObjects: 0.678100 ms CreateObjectMapping: 0.272900 ms MarkObjects: 2.594500 ms  DeleteObjects: 2.394300 ms)

========================================================================
Received Prepare
Registering precompiled user dll's ...
Registered in 0.001508 seconds.
Begin MonoManager ReloadAssembly
Native extension for WindowsStandalone target not found
Native extension for WebGL target not found
Refreshing native plugins compatible for Editor in 0.72 ms, found 0 plugins.
Preloading 0 native plugins for Editor in 0.00 ms.
Invoked RoslynAnalysisRunner static constructor.
RoslynAnalysisRunner will not be running.
RoslynAnalysisRunner has terminated.
Mono: successfully reloaded assembly
- Completed reload, in  1.047 seconds
Platform modules already initialized, skipping
Shader 'Universal Render Pipeline/Particles/Lit': fallback shader 'Universal Render Pipeline/Particles/SimpleLit' not found
Shader 'Universal Render Pipeline/Particles/Lit': fallback shader 'Universal Render Pipeline/Particles/SimpleLit' not found
Refreshing native plugins compatible for Editor in 0.45 ms, found 0 plugins.
Preloading 0 native plugins for Editor in 0.00 ms.
Unloading 2654 Unused Serialized files (Serialized files now loaded: 0)
System memory in use before: 127.8 MB.
System memory in use after: 125.0 MB.

Unloading 53 unused Assets to reduce memory usage. Loaded Objects now: 3541.
Total: 5.438600 ms (FindLiveObjects: 0.511400 ms CreateObjectMapping: 0.203900 ms MarkObjects: 2.739000 ms  DeleteObjects: 1.982900 ms)

========================================================================
Received Prepare
Registering precompiled user dll's ...
Registered in 0.001669 seconds.
Begin MonoManager ReloadAssembly
Native extension for WindowsStandalone target not found
Native extension for WebGL target not found
Refreshing native plugins compatible for Editor in 0.48 ms, found 0 plugins.
Preloading 0 native plugins for Editor in 0.00 ms.
Invoked RoslynAnalysisRunner static constructor.
RoslynAnalysisRunner will not be running.
RoslynAnalysisRunner has terminated.
Mono: successfully reloaded assembly
- Completed reload, in  1.017 seconds
Platform modules already initialized, skipping
Shader 'Universal Render Pipeline/Particles/Lit': fallback shader 'Universal Render Pipeline/Particles/SimpleLit' not found
Shader 'Universal Render Pipeline/Particles/Lit': fallback shader 'Universal Render Pipeline/Particles/SimpleLit' not found
Refreshing native plugins compatible for Editor in 0.52 ms, found 0 plugins.
Preloading 0 native plugins for Editor in 0.00 ms.
Unloading 2654 Unused Serialized files (Serialized files now loaded: 0)
System memory in use before: 127.8 MB.
System memory in use after: 125.0 MB.

Unloading 53 unused Assets to reduce memory usage. Loaded Objects now: 3544.
Total: 4.998500 ms (FindLiveObjects: 0.372300 ms CreateObjectMapping: 0.191000 ms MarkObjects: 2.597700 ms  DeleteObjects: 1.835900 ms)

========================================================================
Received Import Request.
  Time since last request: 814.744866 seconds.
  path: Assets/Scripts/CameraController.cs
  artifactKey: Guid(4c1dafcad9b3601428124e6d51b58773) Importer(815301076,1909f56bfc062723c751e8b465ee728b)
Start importing Assets/Scripts/CameraController.cs using Guid(4c1dafcad9b3601428124e6d51b58773) Importer(815301076,1909f56bfc062723c751e8b465ee728b)  -> (artifact id: '01da0e37d4d7e4325aabcc7e81441d39') in 0.012011 seconds
  Import took 0.017850 seconds .

========================================================================
Received Import Request.
  Time since last request: 0.002117 seconds.
  path: Assets/Scripts/CameraController.cs
  artifactKey: Guid(4c1dafcad9b3601428124e6d51b58773) Importer(815301076,1909f56bfc062723c751e8b465ee728b)
Start importing Assets/Scripts/CameraController.cs using Guid(4c1dafcad9b3601428124e6d51b58773) Importer(815301076,1909f56bfc062723c751e8b465ee728b)  -> (artifact id: '01da0e37d4d7e4325aabcc7e81441d39') in 0.003765 seconds
  Import took 0.008778 seconds .

========================================================================
Received Import Request.
  Time since last request: 0.781676 seconds.
  path: Assets/Scripts/PlayerController.cs
  artifactKey: Guid(d24251013f01d47429d034452f7c1b90) Importer(815301076,1909f56bfc062723c751e8b465ee728b)
Start importing Assets/Scripts/PlayerController.cs using Guid(d24251013f01d47429d034452f7c1b90) Importer(815301076,1909f56bfc062723c751e8b465ee728b)  -> (artifact id: '908dfda40347265837f28ee17094ec67') in 0.003176 seconds
  Import took 0.008046 seconds .

========================================================================
Received Import Request.
  Time since last request: 0.022116 seconds.
  path: Assets/Scripts/PlayerController.cs
  artifactKey: Guid(d24251013f01d47429d034452f7c1b90) Importer(815301076,1909f56bfc062723c751e8b465ee728b)
Start importing Assets/Scripts/PlayerController.cs using Guid(d24251013f01d47429d034452f7c1b90) Importer(815301076,1909f56bfc062723c751e8b465ee728b)  -> (artifact id: '908dfda40347265837f28ee17094ec67') in 0.002858 seconds
  Import took 0.007940 seconds .

========================================================================
Received Prepare
Registering precompiled user dll's ...
Registered in 0.001535 seconds.
Begin MonoManager ReloadAssembly
Native extension for WindowsStandalone target not found
Native extension for WebGL target not found
Refreshing native plugins compatible for Editor in 0.56 ms, found 0 plugins.
Preloading 0 native plugins for Editor in 0.00 ms.
Invoked RoslynAnalysisRunner static constructor.
RoslynAnalysisRunner will not be running.
RoslynAnalysisRunner has terminated.
Mono: successfully reloaded assembly
- Completed reload, in  1.582 seconds
Platform modules already initialized, skipping
Shader 'Universal Render Pipeline/Particles/Lit': fallback shader 'Universal Render Pipeline/Particles/SimpleLit' not found
Shader 'Universal Render Pipeline/Particles/Lit': fallback shader 'Universal Render Pipeline/Particles/SimpleLit' not found
Refreshing native plugins compatible for Editor in 0.75 ms, found 0 plugins.
Preloading 0 native plugins for Editor in 0.00 ms.
Unloading 2654 Unused Serialized files (Serialized files now loaded: 0)
System memory in use before: 127.8 MB.
System memory in use after: 125.0 MB.

Unloading 53 unused Assets to reduce memory usage. Loaded Objects now: 3547.
Total: 5.422500 ms (FindLiveObjects: 0.559300 ms CreateObjectMapping: 0.221700 ms MarkObjects: 2.748600 ms  DeleteObjects: 1.891100 ms)

========================================================================
Received Prepare
Registering precompiled user dll's ...
Registered in 0.001564 seconds.
Begin MonoManager ReloadAssembly
Native extension for WindowsStandalone target not found
Native extension for WebGL target not found
Refreshing native plugins compatible for Editor in 0.51 ms, found 0 plugins.
Preloading 0 native plugins for Editor in 0.00 ms.
Invoked RoslynAnalysisRunner static constructor.
RoslynAnalysisRunner will not be running.
RoslynAnalysisRunner has terminated.
Mono: successfully reloaded assembly
- Completed reload, in  1.067 seconds
Platform modules already initialized, skipping
Shader 'Universal Render Pipeline/Particles/Lit': fallback shader 'Universal Render Pipeline/Particles/SimpleLit' not found
Shader 'Universal Render Pipeline/Particles/Lit': fallback shader 'Universal Render Pipeline/Particles/SimpleLit' not found
Refreshing native plugins compatible for Editor in 0.44 ms, found 0 plugins.
Preloading 0 native plugins for Editor in 0.00 ms.
Unloading 2654 Unused Serialized files (Serialized files now loaded: 0)
System memory in use before: 127.8 MB.
System memory in use after: 125.0 MB.

Unloading 53 unused Assets to reduce memory usage. Loaded Objects now: 3550.
Total: 5.464300 ms (FindLiveObjects: 0.649400 ms CreateObjectMapping: 0.262100 ms MarkObjects: 2.633000 ms  DeleteObjects: 1.916600 ms)

========================================================================
Received Import Request.
  Time since last request: 120.068941 seconds.
  path: Assets/Scripts/PlayerController.cs
  artifactKey: Guid(d24251013f01d47429d034452f7c1b90) Importer(815301076,1909f56bfc062723c751e8b465ee728b)
Start importing Assets/Scripts/PlayerController.cs using Guid(d24251013f01d47429d034452f7c1b90) Importer(815301076,1909f56bfc062723c751e8b465ee728b)  -> (artifact id: '8d714df6fafac1439ef0eddb285f4bcc') in 0.005797 seconds
  Import took 0.010240 seconds .

========================================================================
Received Prepare
Registering precompiled user dll's ...
Registered in 0.002443 seconds.
Begin MonoManager ReloadAssembly
Native extension for WindowsStandalone target not found
Native extension for WebGL target not found
Refreshing native plugins compatible for Editor in 0.44 ms, found 0 plugins.
Preloading 0 native plugins for Editor in 0.00 ms.
Invoked RoslynAnalysisRunner static constructor.
RoslynAnalysisRunner will not be running.
RoslynAnalysisRunner has terminated.
Mono: successfully reloaded assembly
- Completed reload, in  1.066 seconds
Platform modules already initialized, skipping
Shader 'Universal Render Pipeline/Particles/Lit': fallback shader 'Universal Render Pipeline/Particles/SimpleLit' not found
Shader 'Universal Render Pipeline/Particles/Lit': fallback shader 'Universal Render Pipeline/Particles/SimpleLit' not found
Refreshing native plugins compatible for Editor in 0.83 ms, found 0 plugins.
Preloading 0 native plugins for Editor in 0.00 ms.
Unloading 2653 Unused Serialized files (Serialized files now loaded: 0)
System memory in use before: 127.8 MB.
System memory in use after: 125.0 MB.

Unloading 54 unused Assets to reduce memory usage. Loaded Objects now: 3552.
Total: 5.487700 ms (FindLiveObjects: 0.392700 ms CreateObjectMapping: 0.170800 ms MarkObjects: 2.915800 ms  DeleteObjects: 2.006900 ms)

========================================================================
Received Prepare
Registering precompiled user dll's ...
Registered in 0.001521 seconds.
Begin MonoManager ReloadAssembly
Native extension for WindowsStandalone target not found
Native extension for WebGL target not found
Refreshing native plugins compatible for Editor in 0.47 ms, found 0 plugins.
Preloading 0 native plugins for Editor in 0.00 ms.
Invoked RoslynAnalysisRunner static constructor.
RoslynAnalysisRunner will not be running.
RoslynAnalysisRunner has terminated.
Mono: successfully reloaded assembly
- Completed reload, in  1.079 seconds
Platform modules already initialized, skipping
Shader 'Universal Render Pipeline/Particles/Lit': fallback shader 'Universal Render Pipeline/Particles/SimpleLit' not found
Shader 'Universal Render Pipeline/Particles/Lit': fallback shader 'Universal Render Pipeline/Particles/SimpleLit' not found
Refreshing native plugins compatible for Editor in 0.44 ms, found 0 plugins.
Preloading 0 native plugins for Editor in 0.00 ms.
Unloading 2654 Unused Serialized files (Serialized files now loaded: 0)
System memory in use before: 127.8 MB.
System memory in use after: 125.0 MB.

Unloading 53 unused Assets to reduce memory usage. Loaded Objects now: 3556.
Total: 5.010600 ms (FindLiveObjects: 0.426100 ms CreateObjectMapping: 0.189900 ms MarkObjects: 2.473500 ms  DeleteObjects: 1.919800 ms)

========================================================================
Received Prepare
Registering precompiled user dll's ...
Registered in 0.001698 seconds.
Begin MonoManager ReloadAssembly
Native extension for WindowsStandalone target not found
Native extension for WebGL target not found
Refreshing native plugins compatible for Editor in 0.57 ms, found 0 plugins.
Preloading 0 native plugins for Editor in 0.00 ms.
Invoked RoslynAnalysisRunner static constructor.
RoslynAnalysisRunner will not be running.
RoslynAnalysisRunner has terminated.
Mono: successfully reloaded assembly
- Completed reload, in  1.018 seconds
Platform modules already initialized, skipping
Shader 'Universal Render Pipeline/Particles/Lit': fallback shader 'Universal Render Pipeline/Particles/SimpleLit' not found
Shader 'Universal Render Pipeline/Particles/Lit': fallback shader 'Universal Render Pipeline/Particles/SimpleLit' not found
Refreshing native plugins compatible for Editor in 0.46 ms, found 0 plugins.
Preloading 0 native plugins for Editor in 0.00 ms.
Unloading 2655 Unused Serialized files (Serialized files now loaded: 0)
System memory in use before: 127.8 MB.
System memory in use after: 125.0 MB.

Unloading 53 unused Assets to reduce memory usage. Loaded Objects now: 3560.
Total: 4.850000 ms (FindLiveObjects: 0.386200 ms CreateObjectMapping: 0.191100 ms MarkObjects: 2.364400 ms  DeleteObjects: 1.907100 ms)

========================================================================
Received Import Request.
  Time since last request: 34.277101 seconds.
  path: Assets/PlayerC.cs
  artifactKey: Guid(20b91960e0069b74ca77b2cb294f4f30) Importer(815301076,1909f56bfc062723c751e8b465ee728b)
Start importing Assets/PlayerC.cs using Guid(20b91960e0069b74ca77b2cb294f4f30) Importer(815301076,1909f56bfc062723c751e8b465ee728b)  -> (artifact id: '0a727d034f3fe26ba530afffcaefc808') in 0.021545 seconds
  Import took 0.026045 seconds .

========================================================================
Received Prepare
Registering precompiled user dll's ...
Registered in 0.001501 seconds.
Begin MonoManager ReloadAssembly
Native extension for WindowsStandalone target not found
Native extension for WebGL target not found
Refreshing native plugins compatible for Editor in 0.49 ms, found 0 plugins.
Preloading 0 native plugins for Editor in 0.00 ms.
Invoked RoslynAnalysisRunner static constructor.
RoslynAnalysisRunner will not be running.
RoslynAnalysisRunner has terminated.
Mono: successfully reloaded assembly
- Completed reload, in  1.019 seconds
Platform modules already initialized, skipping
Shader 'Universal Render Pipeline/Particles/Lit': fallback shader 'Universal Render Pipeline/Particles/SimpleLit' not found
Shader 'Universal Render Pipeline/Particles/Lit': fallback shader 'Universal Render Pipeline/Particles/SimpleLit' not found
Refreshing native plugins compatible for Editor in 0.45 ms, found 0 plugins.
Preloading 0 native plugins for Editor in 0.00 ms.
Unloading 2654 Unused Serialized files (Serialized files now loaded: 0)
System memory in use before: 127.8 MB.
System memory in use after: 125.0 MB.

Unloading 54 unused Assets to reduce memory usage. Loaded Objects now: 3562.
Total: 5.331600 ms (FindLiveObjects: 0.313000 ms CreateObjectMapping: 0.146800 ms MarkObjects: 2.963100 ms  DeleteObjects: 1.907300 ms)

========================================================================
Received Import Request.
  Time since last request: 6.989963 seconds.
  path: Assets/PlayerController.cs
  artifactKey: Guid(fab99ad74f37c8245b03f8ef2b82bea7) Importer(815301076,1909f56bfc062723c751e8b465ee728b)
Start importing Assets/PlayerController.cs using Guid(fab99ad74f37c8245b03f8ef2b82bea7) Importer(815301076,1909f56bfc062723c751e8b465ee728b)  -> (artifact id: '6a4a75e9ac11c16bd3e27dd22c458759') in 0.006869 seconds
  Import took 0.012068 seconds .

========================================================================
Received Prepare
Registering precompiled user dll's ...
Registered in 0.001574 seconds.
Begin MonoManager ReloadAssembly
Native extension for WindowsStandalone target not found
Native extension for WebGL target not found
Refreshing native plugins compatible for Editor in 0.86 ms, found 0 plugins.
Preloading 0 native plugins for Editor in 0.00 ms.
Invoked RoslynAnalysisRunner static constructor.
RoslynAnalysisRunner will not be running.
RoslynAnalysisRunner has terminated.
Mono: successfully reloaded assembly
- Completed reload, in  1.281 seconds
Platform modules already initialized, skipping
Shader 'Universal Render Pipeline/Particles/Lit': fallback shader 'Universal Render Pipeline/Particles/SimpleLit' not found
Shader 'Universal Render Pipeline/Particles/Lit': fallback shader 'Universal Render Pipeline/Particles/SimpleLit' not found
Refreshing native plugins compatible for Editor in 0.47 ms, found 0 plugins.
Preloading 0 native plugins for Editor in 0.00 ms.
Unloading 2654 Unused Serialized files (Serialized files now loaded: 0)
System memory in use before: 127.9 MB.
System memory in use after: 125.0 MB.

Unloading 53 unused Assets to reduce memory usage. Loaded Objects now: 3565.
Total: 9.071400 ms (FindLiveObjects: 0.829700 ms CreateObjectMapping: 0.428600 ms MarkObjects: 5.145100 ms  DeleteObjects: 2.665700 ms)

========================================================================
Received Prepare
Registering precompiled user dll's ...
Registered in 0.001511 seconds.
Begin MonoManager ReloadAssembly
Native extension for WindowsStandalone target not found
Native extension for WebGL target not found
Refreshing native plugins compatible for Editor in 0.49 ms, found 0 plugins.
Preloading 0 native plugins for Editor in 0.00 ms.
Invoked RoslynAnalysisRunner static constructor.
RoslynAnalysisRunner will not be running.
RoslynAnalysisRunner has terminated.
Mono: successfully reloaded assembly
- Completed reload, in  1.017 seconds
Platform modules already initialized, skipping
Shader 'Universal Render Pipeline/Particles/Lit': fallback shader 'Universal Render Pipeline/Particles/SimpleLit' not found
Shader 'Universal Render Pipeline/Particles/Lit': fallback shader 'Universal Render Pipeline/Particles/SimpleLit' not found
Refreshing native plugins compatible for Editor in 0.46 ms, found 0 plugins.
Preloading 0 native plugins for Editor in 0.00 ms.
Unloading 2654 Unused Serialized files (Serialized files now loaded: 0)
System memory in use before: 127.8 MB.
System memory in use after: 125.0 MB.

Unloading 53 unused Assets to reduce memory usage. Loaded Objects now: 3568.
Total: 5.451000 ms (FindLiveObjects: 0.594000 ms CreateObjectMapping: 0.266200 ms MarkObjects: 2.727400 ms  DeleteObjects: 1.861500 ms)

========================================================================
Received Import Request.
  Time since last request: 18.896809 seconds.
  path: Assets/Scripts/PlayerController.cs
  artifactKey: Guid(fab99ad74f37c8245b03f8ef2b82bea7) Importer(815301076,1909f56bfc062723c751e8b465ee728b)
Start importing Assets/Scripts/PlayerController.cs using Guid(fab99ad74f37c8245b03f8ef2b82bea7) Importer(815301076,1909f56bfc062723c751e8b465ee728b)  -> (artifact id: '02746e13f9b21e5b306dac064004919b') in 0.005733 seconds
  Import took 0.010662 seconds .

========================================================================
Received Prepare
Registering precompiled user dll's ...
Registered in 0.001542 seconds.
Begin MonoManager ReloadAssembly
Native extension for WindowsStandalone target not found
Native extension for WebGL target not found
Refreshing native plugins compatible for Editor in 1.02 ms, found 0 plugins.
Preloading 0 native plugins for Editor in 0.00 ms.
Invoked RoslynAnalysisRunner static constructor.
RoslynAnalysisRunner will not be running.
RoslynAnalysisRunner has terminated.
Mono: successfully reloaded assembly
- Completed reload, in  1.153 seconds
Platform modules already initialized, skipping
Shader 'Universal Render Pipeline/Particles/Lit': fallback shader 'Universal Render Pipeline/Particles/SimpleLit' not found
Shader 'Universal Render Pipeline/Particles/Lit': fallback shader 'Universal Render Pipeline/Particles/SimpleLit' not found
Refreshing native plugins compatible for Editor in 0.45 ms, found 0 plugins.
Preloading 0 native plugins for Editor in 0.00 ms.
Unloading 2654 Unused Serialized files (Serialized files now loaded: 0)
System memory in use before: 127.9 MB.
System memory in use after: 125.0 MB.

Unloading 53 unused Assets to reduce memory usage. Loaded Objects now: 3571.
Total: 4.761200 ms (FindLiveObjects: 0.346000 ms CreateObjectMapping: 0.164800 ms MarkObjects: 2.383300 ms  DeleteObjects: 1.865700 ms)

========================================================================
Received Import Request.
  Time since last request: 56.861090 seconds.
  path: Assets/Scripts/PlayerController.cs
  artifactKey: Guid(fab99ad74f37c8245b03f8ef2b82bea7) Importer(815301076,1909f56bfc062723c751e8b465ee728b)
Start importing Assets/Scripts/PlayerController.cs using Guid(fab99ad74f37c8245b03f8ef2b82bea7) Importer(815301076,1909f56bfc062723c751e8b465ee728b)  -> (artifact id: '66d2c1a1186473c4111f61fa60ebc1dd') in 0.007864 seconds
  Import took 0.013974 seconds .

========================================================================
Received Prepare
Registering precompiled user dll's ...
Registered in 0.001500 seconds.
Begin MonoManager ReloadAssembly
Native extension for WindowsStandalone target not found
Native extension for WebGL target not found
Refreshing native plugins compatible for Editor in 0.53 ms, found 0 plugins.
Preloading 0 native plugins for Editor in 0.00 ms.
Invoked RoslynAnalysisRunner static constructor.
RoslynAnalysisRunner will not be running.
RoslynAnalysisRunner has terminated.
Mono: successfully reloaded assembly
- Completed reload, in  1.011 seconds
Platform modules already initialized, skipping
Shader 'Universal Render Pipeline/Particles/Lit': fallback shader 'Universal Render Pipeline/Particles/SimpleLit' not found
Shader 'Universal Render Pipeline/Particles/Lit': fallback shader 'Universal Render Pipeline/Particles/SimpleLit' not found
Refreshing native plugins compatible for Editor in 0.44 ms, found 0 plugins.
Preloading 0 native plugins for Editor in 0.00 ms.
Unloading 2654 Unused Serialized files (Serialized files now loaded: 0)
System memory in use before: 127.8 MB.
System memory in use after: 125.0 MB.

Unloading 53 unused Assets to reduce memory usage. Loaded Objects now: 3574.
Total: 5.408900 ms (FindLiveObjects: 0.639600 ms CreateObjectMapping: 0.302500 ms MarkObjects: 2.599600 ms  DeleteObjects: 1.863900 ms)

========================================================================
Received Import Request.
  Time since last request: 82.676427 seconds.
  path: Assets/Scripts/PlayerController.cs
  artifactKey: Guid(fab99ad74f37c8245b03f8ef2b82bea7) Importer(815301076,1909f56bfc062723c751e8b465ee728b)
Start importing Assets/Scripts/PlayerController.cs using Guid(fab99ad74f37c8245b03f8ef2b82bea7) Importer(815301076,1909f56bfc062723c751e8b465ee728b)  -> (artifact id: '91da808bec1cad143275bbf2c1d73393') in 0.005783 seconds
  Import took 0.010633 seconds .

========================================================================
Received Prepare
Registering precompiled user dll's ...
Registered in 0.001504 seconds.
Begin MonoManager ReloadAssembly
Native extension for WindowsStandalone target not found
Native extension for WebGL target not found
Refreshing native plugins compatible for Editor in 0.49 ms, found 0 plugins.
Preloading 0 native plugins for Editor in 0.00 ms.
Invoked RoslynAnalysisRunner static constructor.
RoslynAnalysisRunner will not be running.
RoslynAnalysisRunner has terminated.
Mono: successfully reloaded assembly
- Completed reload, in  1.015 seconds
Platform modules already initialized, skipping
Shader 'Universal Render Pipeline/Particles/Lit': fallback shader 'Universal Render Pipeline/Particles/SimpleLit' not found
Shader 'Universal Render Pipeline/Particles/Lit': fallback shader 'Universal Render Pipeline/Particles/SimpleLit' not found
Refreshing native plugins compatible for Editor in 0.54 ms, found 0 plugins.
Preloading 0 native plugins for Editor in 0.00 ms.
Unloading 2654 Unused Serialized files (Serialized files now loaded: 0)
System memory in use before: 127.9 MB.
System memory in use after: 125.1 MB.

Unloading 53 unused Assets to reduce memory usage. Loaded Objects now: 3577.
Total: 5.102800 ms (FindLiveObjects: 0.392700 ms CreateObjectMapping: 0.240800 ms MarkObjects: 2.516800 ms  DeleteObjects: 1.951100 ms)

========================================================================
Received Prepare
Registering precompiled user dll's ...
Registered in 0.001508 seconds.
Begin MonoManager ReloadAssembly
Native extension for WindowsStandalone target not found
Native extension for WebGL target not found
Refreshing native plugins compatible for Editor in 0.59 ms, found 0 plugins.
Preloading 0 native plugins for Editor in 0.00 ms.
Invoked RoslynAnalysisRunner static constructor.
RoslynAnalysisRunner will not be running.
RoslynAnalysisRunner has terminated.
Mono: successfully reloaded assembly
- Completed reload, in  1.135 seconds
Platform modules already initialized, skipping
Shader 'Universal Render Pipeline/Particles/Lit': fallback shader 'Universal Render Pipeline/Particles/SimpleLit' not found
Shader 'Universal Render Pipeline/Particles/Lit': fallback shader 'Universal Render Pipeline/Particles/SimpleLit' not found
Refreshing native plugins compatible for Editor in 0.44 ms, found 0 plugins.
Preloading 0 native plugins for Editor in 0.00 ms.
Unloading 2654 Unused Serialized files (Serialized files now loaded: 0)
System memory in use before: 127.9 MB.
System memory in use after: 125.1 MB.

Unloading 53 unused Assets to reduce memory usage. Loaded Objects now: 3580.
Total: 5.730000 ms (FindLiveObjects: 0.672800 ms CreateObjectMapping: 0.306000 ms MarkObjects: 2.889500 ms  DeleteObjects: 1.859400 ms)

========================================================================
Received Prepare
Registering precompiled user dll's ...
Registered in 0.001590 seconds.
Begin MonoManager ReloadAssembly
Native extension for WindowsStandalone target not found
Native extension for WebGL target not found
Refreshing native plugins compatible for Editor in 0.51 ms, found 0 plugins.
Preloading 0 native plugins for Editor in 0.00 ms.
Invoked RoslynAnalysisRunner static constructor.
RoslynAnalysisRunner will not be running.
RoslynAnalysisRunner has terminated.
Mono: successfully reloaded assembly
- Completed reload, in  0.998 seconds
Platform modules already initialized, skipping
Shader 'Universal Render Pipeline/Particles/Lit': fallback shader 'Universal Render Pipeline/Particles/SimpleLit' not found
Shader 'Universal Render Pipeline/Particles/Lit': fallback shader 'Universal Render Pipeline/Particles/SimpleLit' not found
Refreshing native plugins compatible for Editor in 0.47 ms, found 0 plugins.
Preloading 0 native plugins for Editor in 0.00 ms.
Unloading 2654 Unused Serialized files (Serialized files now loaded: 0)
System memory in use before: 127.9 MB.
System memory in use after: 125.1 MB.

Unloading 53 unused Assets to reduce memory usage. Loaded Objects now: 3583.
Total: 5.547700 ms (FindLiveObjects: 0.529500 ms CreateObjectMapping: 0.261900 ms MarkObjects: 2.884600 ms  DeleteObjects: 1.870300 ms)

========================================================================
Received Prepare
Shader 'Universal Render Pipeline/Particles/Lit': fallback shader 'Universal Render Pipeline/Particles/SimpleLit' not found
Shader 'Universal Render Pipeline/Particles/Lit': fallback shader 'Universal Render Pipeline/Particles/SimpleLit' not found
Refreshing native plugins compatible for Editor in 3.12 ms, found 0 plugins.
Preloading 0 native plugins for Editor in 0.00 ms.
Unloading 51 Unused Serialized files (Serialized files now loaded: 0)
System memory in use before: 76.5 MB.
System memory in use after: 73.7 MB.

Unloading 51 unused Assets to reduce memory usage. Loaded Objects now: 3583.
Total: 5.984200 ms (FindLiveObjects: 0.514600 ms CreateObjectMapping: 0.232800 ms MarkObjects: 3.241700 ms  DeleteObjects: 1.992200 ms)

========================================================================
Received Import Request.
  Time since last request: 745.415577 seconds.
  path: Assets/Scripts/PlayerController.cs
  artifactKey: Guid(fab99ad74f37c8245b03f8ef2b82bea7) Importer(815301076,1909f56bfc062723c751e8b465ee728b)
Start importing Assets/Scripts/PlayerController.cs using Guid(fab99ad74f37c8245b03f8ef2b82bea7) Importer(815301076,1909f56bfc062723c751e8b465ee728b)  -> (artifact id: '189dcfb09a661fe790faa42510367d05') in 0.016145 seconds
  Import took 0.023550 seconds .

========================================================================
Received Import Request.
  Time since last request: 343.008194 seconds.
  path: Assets/Input/Roll-a-Ball.inputactions
  artifactKey: Guid(9dddb28e0cece46488bfb098f0eb7a7e) Importer(815301076,1909f56bfc062723c751e8b465ee728b)
Start importing Assets/Input/Roll-a-Ball.inputactions using Guid(9dddb28e0cece46488bfb098f0eb7a7e) Importer(815301076,1909f56bfc062723c751e8b465ee728b)  -> (artifact id: 'bcce4ca8c50a6d97fea6e1b42fe9e897') in 0.067243 seconds
  Import took 0.073372 seconds .

========================================================================
Received Prepare
Registering precompiled user dll's ...
Registered in 0.003750 seconds.
Begin MonoManager ReloadAssembly
Native extension for WindowsStandalone target not found
Native extension for WebGL target not found
Refreshing native plugins compatible for Editor in 0.59 ms, found 0 plugins.
Preloading 0 native plugins for Editor in 0.00 ms.
Invoked RoslynAnalysisRunner static constructor.
RoslynAnalysisRunner will not be running.
RoslynAnalysisRunner has terminated.
Mono: successfully reloaded assembly
- Completed reload, in  1.251 seconds
Platform modules already initialized, skipping
Shader 'Universal Render Pipeline/Particles/Lit': fallback shader 'Universal Render Pipeline/Particles/SimpleLit' not found
Shader 'Universal Render Pipeline/Particles/Lit': fallback shader 'Universal Render Pipeline/Particles/SimpleLit' not found
Refreshing native plugins compatible for Editor in 0.45 ms, found 0 plugins.
Preloading 0 native plugins for Editor in 0.00 ms.
Unloading 2655 Unused Serialized files (Serialized files now loaded: 0)
System memory in use before: 128.0 MB.
System memory in use after: 125.2 MB.

Unloading 53 unused Assets to reduce memory usage. Loaded Objects now: 3587.
Total: 7.343300 ms (FindLiveObjects: 0.952600 ms CreateObjectMapping: 0.298900 ms MarkObjects: 3.701200 ms  DeleteObjects: 2.386900 ms)

========================================================================
Received Import Request.
  Time since last request: 18.229875 seconds.
  path: Assets/Input/Roll-a-Ball.cs
  artifactKey: Guid(f117b0107b22e5f40b1e25469b4546fb) Importer(815301076,1909f56bfc062723c751e8b465ee728b)
Start importing Assets/Input/Roll-a-Ball.cs using Guid(f117b0107b22e5f40b1e25469b4546fb) Importer(815301076,1909f56bfc062723c751e8b465ee728b)  -> (artifact id: 'b8308d678d73eb3a1e0b3bff09c4a5e2') in 0.006879 seconds
  Import took 0.015316 seconds .

========================================================================
Received Import Request.
  Time since last request: 0.025846 seconds.
  path: Assets/Input/Roll-a-Ball.cs
  artifactKey: Guid(f117b0107b22e5f40b1e25469b4546fb) Importer(815301076,1909f56bfc062723c751e8b465ee728b)
Start importing Assets/Input/Roll-a-Ball.cs using Guid(f117b0107b22e5f40b1e25469b4546fb) Importer(815301076,1909f56bfc062723c751e8b465ee728b)  -> (artifact id: 'b8308d678d73eb3a1e0b3bff09c4a5e2') in 0.005278 seconds
  Import took 0.010030 seconds .

========================================================================
Received Import Request.
  Time since last request: 256.429854 seconds.
  path: Assets/Input/PlayerInputActions.inputactions
  artifactKey: Guid(4b444f6c5c175554ab6bcc2708dbdc32) Importer(815301076,1909f56bfc062723c751e8b465ee728b)
Start importing Assets/Input/PlayerInputActions.inputactions using Guid(4b444f6c5c175554ab6bcc2708dbdc32) Importer(815301076,1909f56bfc062723c751e8b465ee728b)  -> (artifact id: '893426baa3195ad021f62b7537efbe41') in 0.023065 seconds
  Import took 0.027950 seconds .

========================================================================
Received Import Request.
  Time since last request: 0.001305 seconds.
  path: Assets/Input/PlayerInputActions.inputactions
  artifactKey: Guid(4b444f6c5c175554ab6bcc2708dbdc32) Importer(815301076,1909f56bfc062723c751e8b465ee728b)
Start importing Assets/Input/PlayerInputActions.inputactions using Guid(4b444f6c5c175554ab6bcc2708dbdc32) Importer(815301076,1909f56bfc062723c751e8b465ee728b)  -> (artifact id: '893426baa3195ad021f62b7537efbe41') in 0.003668 seconds
  Import took 0.009799 seconds .

========================================================================
Received Import Request.
  Time since last request: 40.069014 seconds.
  path: Assets/Input/PlayerInputActions.inputactions
  artifactKey: Guid(9dddb28e0cece46488bfb098f0eb7a7e) Importer(815301076,1909f56bfc062723c751e8b465ee728b)
Start importing Assets/Input/PlayerInputActions.inputactions using Guid(9dddb28e0cece46488bfb098f0eb7a7e) Importer(815301076,1909f56bfc062723c751e8b465ee728b)  -> (artifact id: '6ac91c1f3fffb85282218fe37b69ce22') in 0.011253 seconds
  Import took 0.016240 seconds .

========================================================================
Received Import Request.
  Time since last request: 5.868747 seconds.
  path: Assets/Input/PlayerInputActions.cs
  artifactKey: Guid(482bb4053b506954b9bfa1a33fe6657d) Importer(815301076,1909f56bfc062723c751e8b465ee728b)
Start importing Assets/Input/PlayerInputActions.cs using Guid(482bb4053b506954b9bfa1a33fe6657d) Importer(815301076,1909f56bfc062723c751e8b465ee728b)  -> (artifact id: 'f0fa1e9a28da149046c073996310efe3') in 0.002629 seconds
  Import took 0.018046 seconds .

========================================================================
Received Import Request.
  Time since last request: 271.841096 seconds.
  path: Assets/Materials/Pickup.mat
  artifactKey: Guid(3e71160ef698e774681bacf818ba99c2) Importer(815301076,1909f56bfc062723c751e8b465ee728b)
Start importing Assets/Materials/Pickup.mat using Guid(3e71160ef698e774681bacf818ba99c2) Importer(815301076,1909f56bfc062723c751e8b465ee728b)  -> (artifact id: '149e700c5c5d2ba2e4e60c40f8609e68') in 0.229153 seconds
  Import took 0.235044 seconds .

========================================================================
Received Import Request.
  Time since last request: 112.359046 seconds.
  path: Assets/Input/PlayerInputActions.inputactions
  artifactKey: Guid(9dddb28e0cece46488bfb098f0eb7a7e) Importer(815301076,1909f56bfc062723c751e8b465ee728b)
Start importing Assets/Input/PlayerInputActions.inputactions using Guid(9dddb28e0cece46488bfb098f0eb7a7e) Importer(815301076,1909f56bfc062723c751e8b465ee728b)  -> (artifact id: 'b345b76b9439153bb79f488b3361447c') in 0.009561 seconds
  Import took 0.014446 seconds .

========================================================================
Received Import Request.
  Time since last request: 0.044021 seconds.
  path: Assets/Input/PlayerInputActions.inputactions
  artifactKey: Guid(9dddb28e0cece46488bfb098f0eb7a7e) Importer(815301076,1909f56bfc062723c751e8b465ee728b)
Start importing Assets/Input/PlayerInputActions.inputactions using Guid(9dddb28e0cece46488bfb098f0eb7a7e) Importer(815301076,1909f56bfc062723c751e8b465ee728b)  -> (artifact id: 'b345b76b9439153bb79f488b3361447c') in 0.009428 seconds
  Import took 0.015655 seconds .

========================================================================
Received Import Request.
  Time since last request: 9.039632 seconds.
  path: Assets/Scripts/PlayerController.cs
  artifactKey: Guid(fab99ad74f37c8245b03f8ef2b82bea7) Importer(815301076,1909f56bfc062723c751e8b465ee728b)
Start importing Assets/Scripts/PlayerController.cs using Guid(fab99ad74f37c8245b03f8ef2b82bea7) Importer(815301076,1909f56bfc062723c751e8b465ee728b)  -> (artifact id: '607425c5564809622d45290f778ca39f') in 0.003108 seconds
  Import took 0.016619 seconds .

========================================================================
Received Import Request.
  Time since last request: 0.001492 seconds.
  path: Assets/Scripts/PlayerController.cs
  artifactKey: Guid(fab99ad74f37c8245b03f8ef2b82bea7) Importer(815301076,1909f56bfc062723c751e8b465ee728b)
Start importing Assets/Scripts/PlayerController.cs using Guid(fab99ad74f37c8245b03f8ef2b82bea7) Importer(815301076,1909f56bfc062723c751e8b465ee728b)  -> (artifact id: '607425c5564809622d45290f778ca39f') in 0.003018 seconds
  Import took 0.007846 seconds .

AssetImportWorkerClient::OnTransportError - code=2 error=End of file
